<?xml version="1.0" encoding="UTF-8"?>
<!-- Generated by org.testng.reporters.JUnitXMLReporter -->
<testsuite hostname="CBT-MH-000" ignored="0" name="Test" tests="6" failures="0" timestamp="31 Oct 2019 09:39:41 GMT" time="17.782" errors="0">
  <testcase name="createTweet" time="7.222" classname="assgnmnt.posttweet"/>
  <testcase name="createTweet" time="5.053" classname="assgnmnt.Tsixth"/>
  <testcase name="createTweet" time="1.972" classname="assgnmnt.Twitter1"/>
  <testcase name="createtweet" time="1.528" classname="assgnmnt.Block"/>
  <testcase name="UserName" time="1.337" classname="assgnmnt.username"/>
  <testcase name="getWeather" time="0.573" classname="assgnmnt.weather"/>
</testsuite> <!-- Test -->
